current directory: /Users/mikgn/Rails/baking-manager/PATH/ruby/3.0.0/gems/puma-4.3.10/ext/puma_http11
/Users/mikgn/.rvm/rubies/ruby-3.0.3/bin/ruby -I /Users/mikgn/.rvm/rubies/ruby-3.0.3/lib/ruby/site_ruby/3.0.0 -r ./siteconf20211226-55323-7b5sbb.rb extconf.rb
checking for BIO_read() in -lcrypto... yes
checking for SSL_CTX_new() in -lssl... yes
checking for openssl/bio.h... yes
checking for DTLS_method() in openssl/ssl.h... yes
checking for TLS_server_method() in openssl/ssl.h... yes
checking for SSL_CTX_set_min_proto_version in openssl/ssl.h... yes
creating Makefile

current directory: /Users/mikgn/Rails/baking-manager/PATH/ruby/3.0.0/gems/puma-4.3.10/ext/puma_http11
make DESTDIR\= clean

current directory: /Users/mikgn/Rails/baking-manager/PATH/ruby/3.0.0/gems/puma-4.3.10/ext/puma_http11
make DESTDIR\=
compiling http11_parser.c
compiling io_buffer.c
compiling mini_ssl.c
compiling puma_http11.c
linking shared-object puma/puma_http11.bundle

current directory: /Users/mikgn/Rails/baking-manager/PATH/ruby/3.0.0/gems/puma-4.3.10/ext/puma_http11
make DESTDIR\= install
/opt/homebrew/opt/coreutils/bin/ginstall -c -m 0755 puma_http11.bundle ./.gem.20211226-55323-861rz7/puma
